c:\users\penguin\documents\git\raytracingmin\python\x64\release\vc143.pdb
c:\users\penguin\documents\git\raytracingmin\python\x64\release\main.obj
c:\users\penguin\documents\git\raytracingmin\python\x64\release\spectrum.obj
c:\users\penguin\documents\git\raytracingmin\python\x64\release\color.obj
c:\users\penguin\documents\git\raytracingmin\python\x64\release\camera.obj
c:\users\penguin\documents\git\raytracingmin\python\x64\release\texture.obj
c:\users\penguin\documents\git\raytracingmin\python\x64\release\renderer.obj
c:\users\penguin\documents\git\raytracingmin\python\x64\release\main_py.obj
c:\users\penguin\documents\git\raytracingmin\python\x64\release\camera_py.obj
c:\users\penguin\documents\git\raytracingmin\python\x64\release\settingdata.obj
c:\users\penguin\documents\git\raytracingmin\python\x64\release\sceneobject.obj
c:\users\penguin\documents\git\raytracingmin\python\x64\release\random.obj
c:\users\penguin\documents\git\raytracingmin\python\x64\release\main_py.i
c:\users\penguin\documents\git\raytracingmin\python\x64\release\camera_py.i
c:\users\penguin\documents\git\raytracingmin\python\cppmodule.pyd
c:\users\penguin\documents\git\raytracingmin\python\x64\release\cppmodule.ipdb
c:\users\penguin\documents\git\raytracingmin\python\cppmodule.pdb
c:\users\penguin\documents\git\raytracingmin\python\x64\release\cppmodule.iobj
c:\users\penguin\documents\git\raytracingmin\python\cppmodule.lib
c:\users\penguin\documents\git\raytracingmin\python\cppmodule.exp
c:\users\penguin\documents\git\raytracingmin\python\x64\release\python.tlog\cl.command.1.tlog
c:\users\penguin\documents\git\raytracingmin\python\x64\release\python.tlog\cl.read.1.tlog
c:\users\penguin\documents\git\raytracingmin\python\x64\release\python.tlog\cl.write.1.tlog
c:\users\penguin\documents\git\raytracingmin\python\x64\release\python.tlog\link.command.1.tlog
c:\users\penguin\documents\git\raytracingmin\python\x64\release\python.tlog\link.read.1.tlog
c:\users\penguin\documents\git\raytracingmin\python\x64\release\python.tlog\link.write.1.tlog
c:\users\penguin\documents\git\raytracingmin\python\x64\release\python.tlog\python.write.1u.tlog
